\BOOKMARK [1][-]{section*.1}{Abstract}{}% 1
\BOOKMARK [1][-]{section*.2}{Introduction}{}% 2
\BOOKMARK [1][-]{section*.3}{Methods}{}% 3
\BOOKMARK [2][-]{subsection*.4}{Study population}{section*.3}% 4
\BOOKMARK [2][-]{subsection*.5}{Biweekly surveillance of RSV infection}{section*.3}% 5
\BOOKMARK [2][-]{subsection*.6}{Descriptive analyses}{section*.3}% 6
\BOOKMARK [2][-]{subsection*.7}{Host DNA collection and genotyping}{section*.3}% 7
\BOOKMARK [2][-]{subsection*.8}{Host genetic analyses of RSV infection in infancy}{section*.3}% 8
\BOOKMARK [2][-]{subsection*.9}{RSV whole-genome sequencing}{section*.3}% 9
\BOOKMARK [2][-]{subsection*.10}{Viral sequence alignment}{section*.3}% 10
\BOOKMARK [2][-]{subsection*.11}{Viral population structure}{section*.3}% 11
\BOOKMARK [2][-]{subsection*.12}{Viral variant association testing}{section*.3}% 12
\BOOKMARK [2][-]{subsection*.13}{Public viral sequence data}{section*.3}% 13
\BOOKMARK [2][-]{subsection*.14}{Biological interpretation}{section*.3}% 14
\BOOKMARK [1][-]{section*.15}{Results}{}% 15
\BOOKMARK [2][-]{subsection*.16}{Cohort characteristics}{section*.15}% 16
\BOOKMARK [2][-]{subsection*.19}{Host genetic analyses}{section*.15}% 17
\BOOKMARK [2][-]{subsection*.21}{Population structure}{section*.15}% 18
\BOOKMARK [2][-]{subsection*.22}{Genetic invariance of prolonged infection}{section*.15}% 19
\BOOKMARK [2][-]{subsection*.24}{Variants in G glycoprotein significantly associated with prolonged infection}{section*.15}% 20
\BOOKMARK [2][-]{subsection*.25}{Functional interpretation}{section*.15}% 21
\BOOKMARK [2][-]{subsection*.27}{Host response}{section*.15}% 22
\BOOKMARK [1][-]{section*.28}{Discussion}{}% 23
\BOOKMARK [1][-]{section*.29}{Links}{}% 24
\BOOKMARK [2][-]{subsection*.30}{Software}{section*.29}% 25
\BOOKMARK [2][-]{subsection*.31}{Data sources}{section*.29}% 26
\BOOKMARK [1][-]{section*.32}{Code availability}{}% 27
\BOOKMARK [1][-]{section*.33}{Supplemental}{}% 28
\BOOKMARK [2][-]{subsection*.34}{Supplemental host genetic analyses}{section*.33}% 29
